0 info it worked if it ends with ok
1 verbose cli [ 'C:\\Program Files\\nodejs\\node.exe',
1 verbose cli   'C:\\Program Files\\nodejs\\node_modules\\npm\\bin\\npm-cli.js',
1 verbose cli   'run',
1 verbose cli   'dev' ]
2 info using npm@4.0.5
3 info using node@v7.4.0
4 verbose run-script [ 'predev', 'dev', 'postdev' ]
5 info lifecycle evala-html@1.0.0~predev: evala-html@1.0.0
6 silly lifecycle evala-html@1.0.0~predev: no script for predev, continuing
7 info lifecycle evala-html@1.0.0~dev: evala-html@1.0.0
8 verbose lifecycle evala-html@1.0.0~dev: unsafe-perm in lifecycle true
9 verbose lifecycle evala-html@1.0.0~dev: PATH: C:\Program Files\nodejs\node_modules\npm\bin\node-gyp-bin;D:\maia\PROJECTS\evala-vue\node_modules\.bin;C:\ProgramData\Oracle\Java\javapath;C:\Windows\system32;C:\Windows;C:\Windows\System32\Wbem;C:\Windows\System32\WindowsPowerShell\v1.0\;C:\Program Files (x86)\Windows Kits\8.1\Windows Performance Toolkit\;C:\Program Files\Microsoft SQL Server\110\Tools\Binn\;C:\Program Files (x86)\Microsoft SDKs\TypeScript\1.0\;C:\Program Files\Microsoft SQL Server\120\Tools\Binn\;C:\Program Files\Microsoft\Web Platform Installer\bin;C:\Program Files\Gradel\gradle-2.13\bin;C:\HashiCorp\Vagrant\bin;C:\Program Files\TortoiseGit\bin;C:\Program Files (x86)\WinMerge;C:\Users\mbliok\.dnx\bin;C:\Program Files\Microsoft DNX\Dnvm\;C:\Program Files\Microsoft SQL Server\130\Tools\Binn\;C:\Program Files\Git\cmd;C:\Program Files\nodejs\;C:\Program Files\Microsoft SQL Server\Client SDK\ODBC\130\Tools\Binn\;C:\Program Files (x86)\Microsoft SQL Server\130\Tools\Binn\;C:\Program Files\Microsoft SQL Server\130\DTS\Binn\;C:\Program Files (x86)\Microsoft SQL Server\Client SDK\ODBC\130\Tools\Binn\;C:\Program Files (x86)\Microsoft SQL Server\130\DTS\Binn\;C:\Program Files (x86)\Microsoft SQL Server\130\Tools\Binn\ManagementStudio\;C:\Program Files (x86)\Skype\Phone\;C:\Users\mbliok\AppData\Roaming\npm;C:\Program Files (x86)\Microsoft VS Code\bin
10 verbose lifecycle evala-html@1.0.0~dev: CWD: D:\maia\PROJECTS\evala-vue
11 silly lifecycle evala-html@1.0.0~dev: Args: [ '/d /s /c', 'node build/dev-server.js' ]
12 silly lifecycle evala-html@1.0.0~dev: Returned: code: 3221225786  signal: null
13 info lifecycle evala-html@1.0.0~dev: Failed to exec dev script
14 verbose stack Error: evala-html@1.0.0 dev: `node build/dev-server.js`
14 verbose stack Exit status 3221225786
14 verbose stack     at EventEmitter.<anonymous> (C:\Program Files\nodejs\node_modules\npm\lib\utils\lifecycle.js:279:16)
14 verbose stack     at emitTwo (events.js:106:13)
14 verbose stack     at EventEmitter.emit (events.js:191:7)
14 verbose stack     at ChildProcess.<anonymous> (C:\Program Files\nodejs\node_modules\npm\lib\utils\spawn.js:40:14)
14 verbose stack     at emitTwo (events.js:106:13)
14 verbose stack     at ChildProcess.emit (events.js:191:7)
14 verbose stack     at maybeClose (internal/child_process.js:885:16)
14 verbose stack     at Process.ChildProcess._handle.onexit (internal/child_process.js:226:5)
15 verbose pkgid evala-html@1.0.0
16 verbose cwd D:\maia\PROJECTS\evala-vue
17 error Windows_NT 6.3.9600
18 error argv "C:\\Program Files\\nodejs\\node.exe" "C:\\Program Files\\nodejs\\node_modules\\npm\\bin\\npm-cli.js" "run" "dev"
19 error node v7.4.0
20 error npm  v4.0.5
21 error code ELIFECYCLE
22 error evala-html@1.0.0 dev: `node build/dev-server.js`
22 error Exit status 3221225786
23 error Failed at the evala-html@1.0.0 dev script 'node build/dev-server.js'.
23 error Make sure you have the latest version of node.js and npm installed.
23 error If you do, this is most likely a problem with the evala-html package,
23 error not with npm itself.
23 error Tell the author that this fails on your system:
23 error     node build/dev-server.js
23 error You can get information on how to open an issue for this project with:
23 error     npm bugs evala-html
23 error Or if that isn't available, you can get their info via:
23 error     npm owner ls evala-html
23 error There is likely additional logging output above.
24 verbose exit [ 1, true ]
